Arguments: 
  /usr/local/bin/node /usr/local/Cellar/yarn/1.22.17/libexec/bin/yarn.js add @composable-finance/sdk-contracts

PATH: 
  /usr/local/bin:/usr/bin:/bin:/usr/sbin:/sbin:/Library/Apple/usr/bin:/Users/admin/flutter/bin:/Users/admin/go/bin:/Users/admin/flutter/bin:/Users/admin/go/bin

Yarn version: 
  1.22.17

Node version: 
  16.13.0

Platform: 
  darwin x64

Trace: 
  Error: https://registry.yarnpkg.com/@composable-finance%2fsdk-contracts: Not found
      at Request.params.callback [as _callback] (/usr/local/Cellar/yarn/1.22.17/libexec/lib/cli.js:67029:18)
      at Request.self.callback (/usr/local/Cellar/yarn/1.22.17/libexec/lib/cli.js:140883:22)
      at Request.emit (node:events:390:28)
      at Request.<anonymous> (/usr/local/Cellar/yarn/1.22.17/libexec/lib/cli.js:141855:10)
      at Request.emit (node:events:390:28)
      at IncomingMessage.<anonymous> (/usr/local/Cellar/yarn/1.22.17/libexec/lib/cli.js:141777:12)
      at Object.onceWrapper (node:events:509:28)
      at IncomingMessage.emit (node:events:402:35)
      at endReadableNT (node:internal/streams/readable:1343:12)
      at processTicksAndRejections (node:internal/process/task_queues:83:21)

npm manifest: 
  {
    "name": "blacksmith",
    "version": "1.0.0",
    "description": "",
    "main": "index.js",
    "scripts": {
      "coverage": "npx hardhat coverage",
      "test": "npx hardhat test",
      "prettier:solidity": "npx prettier --write contracts/**/*.sol"
    },
    "husky": {
      "hooks": {
        "pre-push": "npm run prettier:solidity"
      }
    },
    "repository": {
      "type": "git",
      "url": "git+https://github.com/cryptotechmaker/blacksmith.git"
    },
    "author": "",
    "license": "MIT",
    "bugs": {
      "url": "https://github.com/cryptotechmaker/blacksmith/issues"
    },
    "homepage": "https://github.com/cryptotechmaker/blacksmith#readme",
    "dependencies": {
      "@openzeppelin/contracts": "4.0.0-rc.0",
      "@uniswap/lib": "^4.0.1-alpha",
      "@uniswap/v2-core": "^1.0.1",
      "@uniswap/v2-periphery": "^1.1.0-beta.0",
      "ethereumjs-util": "^7.0.10",
      "hardhat": "^2.5.0",
      "hardhat-deploy": "0.9.0",
      "hardhat-deploy-ethers": "^0.3.0-beta.7",
      "hardhat-typechain": "^0.3.5",
      "solhint": "^3.3.4",
      "ts-generator": "^0.1.1"
    },
    "devDependencies": {
      "@nomiclabs/hardhat-ethers": "^2.0.2",
      "@nomiclabs/hardhat-etherscan": "^2.1.4",
      "@nomiclabs/hardhat-waffle": "^2.0.1",
      "@typechain/ethers-v5": "^6.0.4",
      "@types/chai": "^4.2.15",
      "@types/mocha": "^8.2.1",
      "@types/node": "^14.14.33",
      "chai": "^4.3.3",
      "ethereum-waffle": "^3.3.0",
      "ethers": "^5.0.32",
      "hardhat-contract-sizer": "^2.0.3",
      "hardhat-gas-reporter": "^1.0.4",
      "hardhat-tracer": "^1.0.0-alpha.3",
      "husky": "^6.0.0",
      "prettier": "^2.2.1",
      "prettier-plugin-solidity": "^1.0.0-beta.10",
      "solhint-plugin-prettier": "0.0.5",
      "solidity-coverage": "^0.7.16",
      "ts-node": "^9.1.1",
      "typechain": "^4.0.3",
      "typescript": "^4.2.3"
    }
  }

yarn manifest: 
  No manifest

Lockfile: 
  No lockfile
